\BOOKMARK [0][-]{chapter.1}{Introdu\347\343o}{}% 1
\BOOKMARK [1][-]{section.1.1}{Contexto}{chapter.1}% 2
\BOOKMARK [1][-]{section.1.2}{Motiva\347\343o}{chapter.1}% 3
\BOOKMARK [1][-]{section.1.3}{Objetivos}{chapter.1}% 4
\BOOKMARK [1][-]{section.1.4}{Estrutura do documento}{chapter.1}% 5
\BOOKMARK [0][-]{chapter.2}{Estado de Arte}{}% 6
\BOOKMARK [1][-]{section.2.1}{SurveyMonkey}{chapter.2}% 7
\BOOKMARK [1][-]{section.2.2}{Typeform}{chapter.2}% 8
\BOOKMARK [1][-]{section.2.3}{Google Form}{chapter.2}% 9
\BOOKMARK [1][-]{section.2.4}{tcg}{chapter.2}% 10
\BOOKMARK [1][-]{section.2.5}{Question\341rios}{chapter.2}% 11
\BOOKMARK [1][-]{section.2.6}{Plataformas as concursos}{chapter.2}% 12
\BOOKMARK [1][-]{section.2.7}{Discuss\343o de funcionalidades}{chapter.2}% 13
\BOOKMARK [0][-]{chapter.3}{Abordagem}{}% 14
\BOOKMARK [0][-]{chapter.4}{Especifica\347\343o de Requisitos}{}% 15
\BOOKMARK [1][-]{section.4.1}{Tipos de Utilizadores}{chapter.4}% 16
\BOOKMARK [2][-]{subsection.4.1.1}{Skateholders}{section.4.1}% 17
\BOOKMARK [2][-]{subsection.4.1.2}{Propriet\341rio do produto}{section.4.1}% 18
\BOOKMARK [2][-]{subsection.4.1.3}{Utilizadores prim\341rios}{section.4.1}% 19
\BOOKMARK [2][-]{subsection.4.1.4}{Utilizadores secund\341rios}{section.4.1}% 20
\BOOKMARK [1][-]{section.4.2}{Requisitos N\343o Funcionais}{chapter.4}% 21
\BOOKMARK [1][-]{section.4.3}{Requisitos Funcionais}{chapter.4}% 22
\BOOKMARK [2][-]{subsection.4.3.1}{Diagrama de contexto}{section.4.3}% 23
\BOOKMARK [2][-]{subsection.4.3.2}{Diagrama de alto n\355vel}{section.4.3}% 24
\BOOKMARK [2][-]{subsection.4.3.3}{Diagrama Registo}{section.4.3}% 25
\BOOKMARK [2][-]{subsection.4.3.4}{Diagrama Gerir Forma\347\365es}{section.4.3}% 26
\BOOKMARK [2][-]{subsection.4.3.5}{Diagrama Gerir Question\341rios}{section.4.3}% 27
\BOOKMARK [2][-]{subsection.4.3.6}{Diagrama Gerir Concursos}{section.4.3}% 28
\BOOKMARK [2][-]{subsection.4.3.7}{Diagrama Gerir Perguntas TCG}{section.4.3}% 29
\BOOKMARK [2][-]{subsection.4.3.8}{Diagrama Ajuda}{section.4.3}% 30
\BOOKMARK [1][-]{section.4.4}{Prototipagem}{chapter.4}% 31
\BOOKMARK [0][-]{chapter.5}{Arquitetura}{}% 32
\BOOKMARK [0][-]{chapter.6}{Implementa\347\343o}{}% 33
\BOOKMARK [0][-]{chapter.7}{Valida\347\343o}{}% 34
\BOOKMARK [0][-]{chapter.8}{Produto Final}{}% 35
\BOOKMARK [0][-]{chapter.9}{Conclusion}{}% 36
\BOOKMARK [0][-]{chapter*.72}{References}{}% 37
\BOOKMARK [0][-]{section*.73}{Anexos}{}% 38
\BOOKMARK [0][-]{Anexo.1.A}{Projecto numa p\341gina}{}% 39
\BOOKMARK [0][-]{Anexo.1.B}{Requisitos Funcionais}{}% 40
